This is pdfTeX, Version 3.14159265-2.6-1.40.16 (TeX Live 2015) (preloaded format=pdflatex 2015.9.25)  6 MAR 2017 14:07
entering extended mode
 restricted \write18 enabled.
 %&-line parsing enabled.
**hw4_3.tex
(./hw4_3.tex
LaTeX2e <2015/01/01>
Babel <3.9l> and hyphenation patterns for 79 languages loaded.

! LaTeX Error: Lonely \item--perhaps a missing list environment.

See the LaTeX manual or LaTeX Companion for explanation.
Type  H <return>  for immediate help.
 ...                                              
                                                  
l.1 \item[(a)]
              
Try typing  <return>  to proceed.
If that doesn't work, type  X <return>  to quit.


! LaTeX Error: Environment equation* undefined.

See the LaTeX manual or LaTeX Companion for explanation.
Type  H <return>  for immediate help.
 ...                                              
                                                  
l.2 \begin{equation*}
                     
Your command was ignored.
Type  I <command> <return>  to replace it with another command,
or  <return>  to continue without it.

! Undefined control sequence.
l.3 \bf
       {w} = \sum_{(x_i,y_i) \in S} \alpha_i x_iy_i,\mbox{ } y = sgn(\bf{w}^...
The control sequence at the end of the top line
of your error message was never \def'ed. If you have
misspelled it (e.g., `\hobx'), type `I' and the correct
spelling (e.g., `I\hbox'). Otherwise just continue,
and I'll forget about whatever was undefined.

Missing character: There is no w in font nullfont!
Missing character: There is no = in font nullfont!
! Missing $ inserted.
<inserted text> 
                $
l.3 \bf{w} = \sum
                 _{(x_i,y_i) \in S} \alpha_i x_iy_i,\mbox{ } y = sgn(\bf{w}^...
I've inserted a begin-math/end-math symbol since I think
you left one out. Proceed, with fingers crossed.

LaTeX Font Info:    External font `cmex10' loaded for size
(Font)              <7> on input line 3.
LaTeX Font Info:    External font `cmex10' loaded for size
(Font)              <5> on input line 3.
! Undefined control sequence.
l.3 ...\in S} \alpha_i x_iy_i,\mbox{ } y = sgn(\bf
                                                  {w}^T x)
The control sequence at the end of the top line
of your error message was never \def'ed. If you have
misspelled it (e.g., `\hobx'), type `I' and the correct
spelling (e.g., `I\hbox'). Otherwise just continue,
and I'll forget about whatever was undefined.


! LaTeX Error: \begin{document} ended by \end{equation*}.

See the LaTeX manual or LaTeX Companion for explanation.
Type  H <return>  for immediate help.
 ...                                              
                                                  
l.4 \end{equation*}
                   
Your command was ignored.
Type  I <command> <return>  to replace it with another command,
or  <return>  to continue without it.

! Missing $ inserted.
<inserted text> 
                $
l.4 \end{equation*}
                   
I've inserted something that you may have forgotten.
(See the <inserted text> above.)
With luck, this will get me unwedged. But if you
really didn't forget anything, try typing `2' now; then
my insertion and my current dilemma will both disappear.


Overfull \hbox (94.21971pt too wide) in paragraph at lines 3--5
[][] \OML/cmm/m/it/10 []x[]y[]; []y \OT1/cmr/m/n/10 =
 []


Overfull \hbox (43.03929pt too wide) in paragraph at lines 3--5
\OML/cmm/m/it/10 sgn\OT1/cmr/m/n/10 (\OML/cmm/m/it/10 w[]x\OT1/cmr/m/n/10 )$ 
 []


! LaTeX Error: Lonely \item--perhaps a missing list environment.

See the LaTeX manual or LaTeX Companion for explanation.
Type  H <return>  for immediate help.
 ...                                              
                                                  
l.5 \item[(b)]
              
Try typing  <return>  to proceed.
If that doesn't work, type  X <return>  to quit.


! LaTeX Error: Environment equation* undefined.

See the LaTeX manual or LaTeX Companion for explanation.
Type  H <return>  for immediate help.
 ...                                              
                                                  
l.6     \begin{equation*}
                         
Your command was ignored.
Type  I <command> <return>  to replace it with another command,
or  <return>  to continue without it.

Missing character: There is no K in font nullfont!
Missing character: There is no ( in font nullfont!
! Missing $ inserted.
<inserted text> 
                $
l.7       K(\vec
                {\bb{x}},\vec{\bb{z}}) = (\vec{\bb{x}}^T\vec{\bb{z}})^3
I've inserted a begin-math/end-math symbol since I think
you left one out. Proceed, with fingers crossed.

! Undefined control sequence.
l.7       K(\vec{\bb
                    {x}},\vec{\bb{z}}) = (\vec{\bb{x}}^T\vec{\bb{z}})^3
The control sequence at the end of the top line
of your error message was never \def'ed. If you have
misspelled it (e.g., `\hobx'), type `I' and the correct
spelling (e.g., `I\hbox'). Otherwise just continue,
and I'll forget about whatever was undefined.

! Undefined control sequence.
l.7       K(\vec{\bb{x}},\vec{\bb
                                 {z}}) = (\vec{\bb{x}}^T\vec{\bb{z}})^3
The control sequence at the end of the top line
of your error message was never \def'ed. If you have
misspelled it (e.g., `\hobx'), type `I' and the correct
spelling (e.g., `I\hbox'). Otherwise just continue,
and I'll forget about whatever was undefined.

! Undefined control sequence.
l.7       K(\vec{\bb{x}},\vec{\bb{z}}) = (\vec{\bb
                                                  {x}}^T\vec{\bb{z}})^3
The control sequence at the end of the top line
of your error message was never \def'ed. If you have
misspelled it (e.g., `\hobx'), type `I' and the correct
spelling (e.g., `I\hbox'). Otherwise just continue,
and I'll forget about whatever was undefined.

! Undefined control sequence.
l.7 ...x}},\vec{\bb{z}}) = (\vec{\bb{x}}^T\vec{\bb
                                                  {z}})^3
The control sequence at the end of the top line
of your error message was never \def'ed. If you have
misspelled it (e.g., `\hobx'), type `I' and the correct
spelling (e.g., `I\hbox'). Otherwise just continue,
and I'll forget about whatever was undefined.

! Undefined control sequence.
l.8 ...                              + 49(\vec{\bb
                                                  {x}}^T\vec{\bb{z}} + 4)^2
The control sequence at the end of the top line
of your error message was never \def'ed. If you have
misspelled it (e.g., `\hobx'), type `I' and the correct
spelling (e.g., `I\hbox'). Otherwise just continue,
and I'll forget about whatever was undefined.

! Undefined control sequence.
l.8 ...                + 49(\vec{\bb{x}}^T\vec{\bb
                                                  {z}} + 4)^2
The control sequence at the end of the top line
of your error message was never \def'ed. If you have
misspelled it (e.g., `\hobx'), type `I' and the correct
spelling (e.g., `I\hbox'). Otherwise just continue,
and I'll forget about whatever was undefined.

! Undefined control sequence.
l.9 ...                              + 64 \vec{\bb
                                                  {x}}^T\vec{\bb{z}}
The control sequence at the end of the top line
of your error message was never \def'ed. If you have
misspelled it (e.g., `\hobx'), type `I' and the correct
spelling (e.g., `I\hbox'). Otherwise just continue,
and I'll forget about whatever was undefined.

! Undefined control sequence.
l.9 ...                + 64 \vec{\bb{x}}^T\vec{\bb
                                                  {z}}
The control sequence at the end of the top line
of your error message was never \def'ed. If you have
misspelled it (e.g., `\hobx'), type `I' and the correct
spelling (e.g., `I\hbox'). Otherwise just continue,
and I'll forget about whatever was undefined.

! Undefined control sequence.
l.10       =(\vec{\bb
                     {x}}^T\vec{\bb{z}})^3 + 49(\vec{\bb{x}}^T\vec{\bb{z}})^2
The control sequence at the end of the top line
of your error message was never \def'ed. If you have
misspelled it (e.g., `\hobx'), type `I' and the correct
spelling (e.g., `I\hbox'). Otherwise just continue,
and I'll forget about whatever was undefined.

! Undefined control sequence.
l.10       =(\vec{\bb{x}}^T\vec{\bb
                                   {z}})^3 + 49(\vec{\bb{x}}^T\vec{\bb{z}})^2
The control sequence at the end of the top line
of your error message was never \def'ed. If you have
misspelled it (e.g., `\hobx'), type `I' and the correct
spelling (e.g., `I\hbox'). Otherwise just continue,
and I'll forget about whatever was undefined.

! Undefined control sequence.
l.10 ...vec{\bb{x}}^T\vec{\bb{z}})^3 + 49(\vec{\bb
                                                  {x}}^T\vec{\bb{z}})^2
The control sequence at the end of the top line
of your error message was never \def'ed. If you have
misspelled it (e.g., `\hobx'), type `I' and the correct
spelling (e.g., `I\hbox'). Otherwise just continue,
and I'll forget about whatever was undefined.

! Undefined control sequence.
l.10 ...vec{\bb{z}})^3 + 49(\vec{\bb{x}}^T\vec{\bb
                                                  {z}})^2
The control sequence at the end of the top line
of your error message was never \def'ed. If you have
misspelled it (e.g., `\hobx'), type `I' and the correct
spelling (e.g., `I\hbox'). Otherwise just continue,
and I'll forget about whatever was undefined.

! Undefined control sequence.
l.11       + 456(\vec{\bb
                         {x}}^T\vec{\bb{z}}) + 784
The control sequence at the end of the top line
of your error message was never \def'ed. If you have
misspelled it (e.g., `\hobx'), type `I' and the correct
spelling (e.g., `I\hbox'). Otherwise just continue,
and I'll forget about whatever was undefined.

! Undefined control sequence.
l.11       + 456(\vec{\bb{x}}^T\vec{\bb
                                       {z}}) + 784
The control sequence at the end of the top line
of your error message was never \def'ed. If you have
misspelled it (e.g., `\hobx'), type `I' and the correct
spelling (e.g., `I\hbox'). Otherwise just continue,
and I'll forget about whatever was undefined.


! LaTeX Error: \begin{document} ended by \end{equation*}.

See the LaTeX manual or LaTeX Companion for explanation.
Type  H <return>  for immediate help.
 ...                                              
                                                  
l.12     \end{equation*}
                        
Your command was ignored.
Type  I <command> <return>  to replace it with another command,
or  <return>  to continue without it.

! Missing $ inserted.
<inserted text> 
                $
l.12     \end{equation*}
                        
I've inserted something that you may have forgotten.
(See the <inserted text> above.)
With luck, this will get me unwedged. But if you
really didn't forget anything, try typing `2' now; then
my insertion and my current dilemma will both disappear.


Overfull \hbox (29.6944pt too wide) in paragraph at lines 7--13
[]\OML/cmm/m/it/10 ; []\OT1/cmr/m/n/10 ) =
 []


Overfull \hbox (37.14696pt too wide) in paragraph at lines 7--13
\OT1/cmr/m/n/10 ([][])[] +
 []


Overfull \hbox (38.77196pt too wide) in paragraph at lines 7--13
\OT1/cmr/m/n/10 49([][] +
 []


Overfull \hbox (21.15285pt too wide) in paragraph at lines 7--13
\OT1/cmr/m/n/10 4)[] +
 []


Overfull \hbox (37.66077pt too wide) in paragraph at lines 7--13
\OT1/cmr/m/n/10 64[][] =
 []


Overfull \hbox (37.14696pt too wide) in paragraph at lines 7--13
\OT1/cmr/m/n/10 ([][])[] +
 []


Overfull \hbox (47.14699pt too wide) in paragraph at lines 7--13
\OT1/cmr/m/n/10 49([][])[] +
 []


Overfull \hbox (47.66087pt too wide) in paragraph at lines 7--13
\OT1/cmr/m/n/10 456([][]) +
 []


Overfull \hbox (15.00005pt too wide) in paragraph at lines 7--13
\OT1/cmr/m/n/10 784$ 
 []

)
! Emergency stop.
<*> hw4_3.tex
             
*** (job aborted, no legal \end found)

 
Here is how much of TeX's memory you used:
 9 strings out of 493089
 168 string characters out of 6134842
 54199 words of memory out of 5000000
 3594 multiletter control sequences out of 15000+600000
 3640 words of font info for 14 fonts, out of 8000000 for 9000
 1141 hyphenation exceptions out of 8191
 18i,3n,12p,104b,56s stack positions out of 5000i,500n,10000p,200000b,80000s
!  ==> Fatal error occurred, no output PDF file produced!
